[debug] [2021-03-13T08:47:01.828Z] ----------------------------------------------------------------------
[debug] [2021-03-13T08:47:01.830Z] Command:       C:\Program Files\nodejs\node.exe C:\Users\Yeske\AppData\Roaming\npm\node_modules\firebase-tools\lib\bin\firebase.js init
[debug] [2021-03-13T08:47:01.831Z] CLI Version:   9.5.0
[debug] [2021-03-13T08:47:01.831Z] Platform:      win32
[debug] [2021-03-13T08:47:01.831Z] Node Version:  v12.18.3
[debug] [2021-03-13T08:47:01.869Z] Time:          Sat Mar 13 2021 15:47:01 GMT+0700 (GMT+07:00)
[debug] [2021-03-13T08:47:01.870Z] ----------------------------------------------------------------------
[debug] [2021-03-13T08:47:01.870Z] 
[debug] [2021-03-13T08:47:01.885Z] >>> [apiv2][query] GET https://firebase-public.firebaseio.com/cli.json [none]
[debug] [2021-03-13T08:47:01.918Z] > command requires scopes: ["email","openid","https://www.googleapis.com/auth/cloudplatformprojects.readonly","https://www.googleapis.com/auth/firebase","https://www.googleapis.com/auth/cloud-platform"]
[debug] [2021-03-13T08:47:01.918Z] > authorizing via signed-in user
[info] 
     ######## #### ########  ######## ########     ###     ######  ########
     ##        ##  ##     ## ##       ##     ##  ##   ##  ##       ##
     ######    ##  ########  ######   ########  #########  ######  ######
     ##        ##  ##    ##  ##       ##     ## ##     ##       ## ##
     ##       #### ##     ## ######## ########  ##     ##  ######  ########

You're about to initialize a Firebase project in this directory:

  C:\Users\Yeske\Desktop\Project\webPhone-main

[debug] [2021-03-13T08:47:02.843Z] <<< [apiv2][status] GET https://firebase-public.firebaseio.com/cli.json 200
[debug] [2021-03-13T08:47:02.844Z] <<< [apiv2][body] GET https://firebase-public.firebaseio.com/cli.json {"cloudBuildErrorAfter":1594252800000,"cloudBuildWarnAfter":1590019200000,"defaultNode10After":1594252800000,"minVersion":"3.0.5","node8DeploysDisabledAfter":1613390400000,"node8RuntimeDisabledAfter":1615809600000,"node8WarnAfter":1600128000000}
